Using pre-set license
Built from '2020.3/staging' branch; Version is '2020.3.9f1 (108be757e447) revision 1084391'; Using compiler version '192528614'; Build Type 'Release'
OS: 'Windows 10 Pro; OS build 19043.1110; Version 2009; 64bit' Language: 'pl' Physical Memory: 16303 MB
BatchMode: 1, IsHumanControllingUs: 0, StartBugReporterOnCrash: 0, Is64bit: 1, IsPro: 0

 COMMAND LINE ARGUMENTS:
C:\Program Files\Unity\Hub\Editor\2020.3.9f1\Editor\Unity.exe
-adb2
-batchMode
-noUpm
-name
AssetImportWorker1
-projectPath
D:/Projekty Unity/Project-Dungeon
-logFile
Logs/AssetImportWorker1.log
-srvPort
61964
Successfully changed project path to: D:/Projekty Unity/Project-Dungeon
D:/Projekty Unity/Project-Dungeon
Using Asset Import Pipeline V2.
Refreshing native plugins compatible for Editor in 47.29 ms, found 0 plugins.
Preloading 0 native plugins for Editor in 0.00 ms.
Initialize engine version: 2020.3.9f1 (108be757e447)
[Subsystems] Discovering subsystems at path C:/Program Files/Unity/Hub/Editor/2020.3.9f1/Editor/Data/Resources/UnitySubsystems
[Subsystems] Discovering subsystems at path D:/Projekty Unity/Project-Dungeon/Assets
GfxDevice: creating device client; threaded=0
Direct3D:
    Version:  Direct3D 11.0 [level 11.1]
    Renderer: NVIDIA GeForce GTX 1660 Ti (ID=0x2191)
    Vendor:   
    VRAM:     5991 MB
    Driver:   27.21.14.6647
Initialize mono
Mono path[0] = 'C:/Program Files/Unity/Hub/Editor/2020.3.9f1/Editor/Data/Managed'
Mono path[1] = 'C:/Program Files/Unity/Hub/Editor/2020.3.9f1/Editor/Data/MonoBleedingEdge/lib/mono/unityjit'
Mono config path = 'C:/Program Files/Unity/Hub/Editor/2020.3.9f1/Editor/Data/MonoBleedingEdge/etc'
Using monoOptions --debugger-agent=transport=dt_socket,embedding=1,server=y,suspend=n,address=127.0.0.1:56868
Begin MonoManager ReloadAssembly
Registering precompiled unity dll's ...
Register platform support module: C:/Program Files/Unity/Hub/Editor/2020.3.9f1/Editor/Data/PlaybackEngines/WindowsStandaloneSupport/UnityEditor.WindowsStandalone.Extensions.dll
Registered in 0.001556 seconds.
Native extension for WindowsStandalone target not found
Refreshing native plugins compatible for Editor in 46.45 ms, found 0 plugins.
Preloading 0 native plugins for Editor in 0.00 ms.
Mono: successfully reloaded assembly
- Completed reload, in  2.203 seconds
Platform modules already initialized, skipping
Registering precompiled user dll's ...
Registered in 0.000940 seconds.
Begin MonoManager ReloadAssembly
Native extension for WindowsStandalone target not found
Refreshing native plugins compatible for Editor in 44.40 ms, found 0 plugins.
Preloading 0 native plugins for Editor in 0.00 ms.
Mono: successfully reloaded assembly
- Completed reload, in  0.866 seconds
Platform modules already initialized, skipping
========================================================================
Worker process is ready to serve import requests
Shader 'Universal Render Pipeline/Particles/Lit': fallback shader 'Universal Render Pipeline/Particles/SimpleLit' not found
Shader 'Universal Render Pipeline/Particles/Lit': fallback shader 'Universal Render Pipeline/Particles/SimpleLit' not found
Launched and connected shader compiler UnityShaderCompiler.exe after 0.05 seconds
Refreshing native plugins compatible for Editor in 0.43 ms, found 0 plugins.
Preloading 0 native plugins for Editor in 0.00 ms.
Unloading 2578 Unused Serialized files (Serialized files now loaded: 0)
System memory in use before: 130.3 MB.
System memory in use after: 128.6 MB.

Unloading 35 unused Assets to reduce memory usage. Loaded Objects now: 3014.
Total: 2.610800 ms (FindLiveObjects: 0.203800 ms CreateObjectMapping: 0.101400 ms MarkObjects: 1.571100 ms  DeleteObjects: 0.733600 ms)

========================================================================
Received Import Request.
  path: Assets/Board Dungeon/Characters/Players/Scripts/DashBehaviour.cs
  artifactKey: Guid(9b4f6cfab35cc8041bfd1c91a288a7cf) Importer(815301076,1909f56bfc062723c751e8b465ee728b)
Start importing Assets/Board Dungeon/Characters/Players/Scripts/DashBehaviour.cs using Guid(9b4f6cfab35cc8041bfd1c91a288a7cf) Importer(815301076,1909f56bfc062723c751e8b465ee728b)  -> (artifact id: '36d4282969bb58b5d123fac58c716d7b') in 0.017144 seconds
  Import took 0.021627 seconds .

========================================================================
Received Import Request.
  Time since last request: 43.671217 seconds.
  path: Assets/Board Dungeon/Characters/Players/Scripts/DashBehaviour.cs
  artifactKey: Guid(9b4f6cfab35cc8041bfd1c91a288a7cf) Importer(815301076,1909f56bfc062723c751e8b465ee728b)
Start importing Assets/Board Dungeon/Characters/Players/Scripts/DashBehaviour.cs using Guid(9b4f6cfab35cc8041bfd1c91a288a7cf) Importer(815301076,1909f56bfc062723c751e8b465ee728b)  -> (artifact id: '1fec0ab711c5ff20d0ed4b0171082334') in 0.001650 seconds
  Import took 0.005787 seconds .

========================================================================
Received Prepare
Registering precompiled user dll's ...
Registered in 0.000866 seconds.
Begin MonoManager ReloadAssembly
Native extension for WindowsStandalone target not found
Refreshing native plugins compatible for Editor in 0.42 ms, found 0 plugins.
Preloading 0 native plugins for Editor in 0.00 ms.
Mono: successfully reloaded assembly
- Completed reload, in  0.799 seconds
Platform modules already initialized, skipping
Switching build target platform(19) subTarget(0) extendedPlatform(0) -> platform(13) subTarget(537395200) extendedPlatform(0)
Shader 'Universal Render Pipeline/Particles/Lit': fallback shader 'Universal Render Pipeline/Particles/SimpleLit' not found
Shader 'Universal Render Pipeline/Particles/Lit': fallback shader 'Universal Render Pipeline/Particles/SimpleLit' not found
Refreshing native plugins compatible for Editor in 0.42 ms, found 0 plugins.
Preloading 0 native plugins for Editor in 0.00 ms.
Unloading 2482 Unused Serialized files (Serialized files now loaded: 0)
System memory in use before: 122.0 MB.
System memory in use after: 120.4 MB.

Unloading 30 unused Assets to reduce memory usage. Loaded Objects now: 3017.
Total: 3.001900 ms (FindLiveObjects: 0.210400 ms CreateObjectMapping: 0.079100 ms MarkObjects: 1.919900 ms  DeleteObjects: 0.791600 ms)

AssetImportParameters requested are different than current active one (requested -> active):
  custom:graphics/normal-map-encoding: 01000000000000000000000000000000 -> 02000000000000000000000000000000
========================================================================
Received Prepare
Registering precompiled user dll's ...
Registered in 0.000929 seconds.
Begin MonoManager ReloadAssembly
Native extension for WindowsStandalone target not found
Refreshing native plugins compatible for Editor in 0.43 ms, found 0 plugins.
Preloading 0 native plugins for Editor in 0.00 ms.
Mono: successfully reloaded assembly
- Completed reload, in  0.852 seconds
Platform modules already initialized, skipping
Switching build target platform(19) subTarget(0) extendedPlatform(0) -> platform(13) subTarget(537395200) extendedPlatform(0)
Shader 'Universal Render Pipeline/Particles/Lit': fallback shader 'Universal Render Pipeline/Particles/SimpleLit' not found
Shader 'Universal Render Pipeline/Particles/Lit': fallback shader 'Universal Render Pipeline/Particles/SimpleLit' not found
Refreshing native plugins compatible for Editor in 0.42 ms, found 0 plugins.
Preloading 0 native plugins for Editor in 0.00 ms.
Unloading 2482 Unused Serialized files (Serialized files now loaded: 0)
System memory in use before: 122.1 MB.
System memory in use after: 120.4 MB.

Unloading 30 unused Assets to reduce memory usage. Loaded Objects now: 3020.
Total: 2.968300 ms (FindLiveObjects: 0.235800 ms CreateObjectMapping: 0.096900 ms MarkObjects: 1.808800 ms  DeleteObjects: 0.825900 ms)

AssetImportParameters requested are different than current active one (requested -> active):
  custom:graphics/normal-map-encoding: 01000000000000000000000000000000 -> 02000000000000000000000000000000
========================================================================
Received Import Request.
  Time since last request: 700.964911 seconds.
  path: Assets/Board Dungeon/Characters/Players/Scripts/DashBehaviour.cs
  artifactKey: Guid(9b4f6cfab35cc8041bfd1c91a288a7cf) Importer(815301076,1909f56bfc062723c751e8b465ee728b)
Start importing Assets/Board Dungeon/Characters/Players/Scripts/DashBehaviour.cs using Guid(9b4f6cfab35cc8041bfd1c91a288a7cf) Importer(815301076,1909f56bfc062723c751e8b465ee728b)  -> (artifact id: '2fb26d8317db4a503c7bde628d0980f3') in 0.003815 seconds
  Import took 0.014767 seconds .

