Using pre-set license
Built from '2020.3/staging' branch; Version is '2020.3.9f1 (108be757e447) revision 1084391'; Using compiler version '192528614'; Build Type 'Release'
OS: 'Windows 10 Pro; OS build 19043.1110; Version 2009; 64bit' Language: 'pl' Physical Memory: 16303 MB
BatchMode: 1, IsHumanControllingUs: 0, StartBugReporterOnCrash: 0, Is64bit: 1, IsPro: 0

 COMMAND LINE ARGUMENTS:
C:\Program Files\Unity\Hub\Editor\2020.3.9f1\Editor\Unity.exe
-adb2
-batchMode
-noUpm
-name
AssetImportWorker0
-projectPath
D:/Projekty Unity/Project-Dungeon
-logFile
Logs/AssetImportWorker0.log
-srvPort
56580
Successfully changed project path to: D:/Projekty Unity/Project-Dungeon
D:/Projekty Unity/Project-Dungeon
Using Asset Import Pipeline V2.
Refreshing native plugins compatible for Editor in 47.51 ms, found 0 plugins.
Preloading 0 native plugins for Editor in 0.00 ms.
Initialize engine version: 2020.3.9f1 (108be757e447)
[Subsystems] Discovering subsystems at path C:/Program Files/Unity/Hub/Editor/2020.3.9f1/Editor/Data/Resources/UnitySubsystems
[Subsystems] Discovering subsystems at path D:/Projekty Unity/Project-Dungeon/Assets
GfxDevice: creating device client; threaded=0
Direct3D:
    Version:  Direct3D 11.0 [level 11.1]
    Renderer: NVIDIA GeForce GTX 1660 Ti (ID=0x2191)
    Vendor:   
    VRAM:     5991 MB
    Driver:   27.21.14.6647
Initialize mono
Mono path[0] = 'C:/Program Files/Unity/Hub/Editor/2020.3.9f1/Editor/Data/Managed'
Mono path[1] = 'C:/Program Files/Unity/Hub/Editor/2020.3.9f1/Editor/Data/MonoBleedingEdge/lib/mono/unityjit'
Mono config path = 'C:/Program Files/Unity/Hub/Editor/2020.3.9f1/Editor/Data/MonoBleedingEdge/etc'
Using monoOptions --debugger-agent=transport=dt_socket,embedding=1,server=y,suspend=n,address=127.0.0.1:56176
Begin MonoManager ReloadAssembly
Registering precompiled unity dll's ...
Register platform support module: C:/Program Files/Unity/Hub/Editor/2020.3.9f1/Editor/Data/PlaybackEngines/WindowsStandaloneSupport/UnityEditor.WindowsStandalone.Extensions.dll
Registered in 0.001539 seconds.
Native extension for WindowsStandalone target not found
Refreshing native plugins compatible for Editor in 44.77 ms, found 0 plugins.
Preloading 0 native plugins for Editor in 0.00 ms.
Mono: successfully reloaded assembly
- Completed reload, in  1.741 seconds
Platform modules already initialized, skipping
Registering precompiled user dll's ...
Registered in 0.000891 seconds.
Begin MonoManager ReloadAssembly
Native extension for WindowsStandalone target not found
Refreshing native plugins compatible for Editor in 48.59 ms, found 0 plugins.
Preloading 0 native plugins for Editor in 0.00 ms.
Mono: successfully reloaded assembly
- Completed reload, in  0.868 seconds
Platform modules already initialized, skipping
========================================================================
Worker process is ready to serve import requests
Shader 'Universal Render Pipeline/Particles/Lit': fallback shader 'Universal Render Pipeline/Particles/SimpleLit' not found
Shader 'Universal Render Pipeline/Particles/Lit': fallback shader 'Universal Render Pipeline/Particles/SimpleLit' not found
Launched and connected shader compiler UnityShaderCompiler.exe after 0.04 seconds
Refreshing native plugins compatible for Editor in 0.43 ms, found 0 plugins.
Preloading 0 native plugins for Editor in 0.00 ms.
Unloading 2563 Unused Serialized files (Serialized files now loaded: 0)
System memory in use before: 122.7 MB.
System memory in use after: 120.5 MB.

Unloading 41 unused Assets to reduce memory usage. Loaded Objects now: 2981.
Total: 3.066300 ms (FindLiveObjects: 0.224300 ms CreateObjectMapping: 0.086700 ms MarkObjects: 1.784500 ms  DeleteObjects: 0.969900 ms)

========================================================================
Received Import Request.
  path: Assets/Scenes
  artifactKey: Guid(7c4cbcb77d2c84a448a21849d3283f8e) Importer(815301076,1909f56bfc062723c751e8b465ee728b)
Start importing Assets/Scenes using Guid(7c4cbcb77d2c84a448a21849d3283f8e) Importer(815301076,1909f56bfc062723c751e8b465ee728b)  -> (artifact id: '6b2b37b0810ae716deb2e999b7f45d95') in 0.006090 seconds
  Import took 0.025179 seconds .

========================================================================
Received Import Request.
  Time since last request: 21.341412 seconds.
  path: Assets/Scenes/MainGame.unity
  artifactKey: Guid(0fa3565e9fb203a47b653fc5c281b43c) Importer(815301076,1909f56bfc062723c751e8b465ee728b)
Start importing Assets/Scenes/MainGame.unity using Guid(0fa3565e9fb203a47b653fc5c281b43c) Importer(815301076,1909f56bfc062723c751e8b465ee728b)  -> (artifact id: '7c9f061e4b941ead68fd6de64b39f74a') in 0.011369 seconds
  Import took 0.017922 seconds .

========================================================================
Received Prepare
Registering precompiled user dll's ...
Registered in 0.000980 seconds.
Begin MonoManager ReloadAssembly
Native extension for WindowsStandalone target not found
Refreshing native plugins compatible for Editor in 0.45 ms, found 0 plugins.
Preloading 0 native plugins for Editor in 0.00 ms.
Mono: successfully reloaded assembly
- Completed reload, in  0.825 seconds
Platform modules already initialized, skipping
Switching build target platform(19) subTarget(0) extendedPlatform(0) -> platform(13) subTarget(537395200) extendedPlatform(0)
Shader 'Universal Render Pipeline/Particles/Lit': fallback shader 'Universal Render Pipeline/Particles/SimpleLit' not found
Shader 'Universal Render Pipeline/Particles/Lit': fallback shader 'Universal Render Pipeline/Particles/SimpleLit' not found
Refreshing native plugins compatible for Editor in 0.43 ms, found 0 plugins.
Preloading 0 native plugins for Editor in 0.00 ms.
Unloading 2474 Unused Serialized files (Serialized files now loaded: 0)
System memory in use before: 115.6 MB.
System memory in use after: 113.4 MB.

Unloading 36 unused Assets to reduce memory usage. Loaded Objects now: 2984.
Total: 2.897700 ms (FindLiveObjects: 0.180700 ms CreateObjectMapping: 0.075500 ms MarkObjects: 1.656400 ms  DeleteObjects: 0.984100 ms)

AssetImportParameters requested are different than current active one (requested -> active):
  custom:graphics/normal-map-encoding: 01000000000000000000000000000000 -> 02000000000000000000000000000000
========================================================================
Received Prepare
Registering precompiled user dll's ...
Registered in 0.000860 seconds.
Begin MonoManager ReloadAssembly
Native extension for WindowsStandalone target not found
Refreshing native plugins compatible for Editor in 0.43 ms, found 0 plugins.
Preloading 0 native plugins for Editor in 0.00 ms.
Mono: successfully reloaded assembly
- Completed reload, in  0.817 seconds
Platform modules already initialized, skipping
Switching build target platform(19) subTarget(0) extendedPlatform(0) -> platform(13) subTarget(537395200) extendedPlatform(0)
Shader 'Universal Render Pipeline/Particles/Lit': fallback shader 'Universal Render Pipeline/Particles/SimpleLit' not found
Shader 'Universal Render Pipeline/Particles/Lit': fallback shader 'Universal Render Pipeline/Particles/SimpleLit' not found
Refreshing native plugins compatible for Editor in 0.46 ms, found 0 plugins.
Preloading 0 native plugins for Editor in 0.00 ms.
Unloading 2474 Unused Serialized files (Serialized files now loaded: 0)
System memory in use before: 115.7 MB.
System memory in use after: 113.5 MB.

Unloading 36 unused Assets to reduce memory usage. Loaded Objects now: 2987.
Total: 3.546400 ms (FindLiveObjects: 0.280700 ms CreateObjectMapping: 0.122500 ms MarkObjects: 2.018900 ms  DeleteObjects: 1.123200 ms)

AssetImportParameters requested are different than current active one (requested -> active):
  custom:graphics/normal-map-encoding: 01000000000000000000000000000000 -> 02000000000000000000000000000000
========================================================================
Received Prepare
Registering precompiled user dll's ...
Registered in 0.000915 seconds.
Begin MonoManager ReloadAssembly
Native extension for WindowsStandalone target not found
Refreshing native plugins compatible for Editor in 0.43 ms, found 0 plugins.
Preloading 0 native plugins for Editor in 0.00 ms.
Mono: successfully reloaded assembly
- Completed reload, in  0.785 seconds
Platform modules already initialized, skipping
Switching build target platform(19) subTarget(0) extendedPlatform(0) -> platform(13) subTarget(537395200) extendedPlatform(0)
Shader 'Universal Render Pipeline/Particles/Lit': fallback shader 'Universal Render Pipeline/Particles/SimpleLit' not found
Shader 'Universal Render Pipeline/Particles/Lit': fallback shader 'Universal Render Pipeline/Particles/SimpleLit' not found
Refreshing native plugins compatible for Editor in 0.43 ms, found 0 plugins.
Preloading 0 native plugins for Editor in 0.00 ms.
Unloading 2474 Unused Serialized files (Serialized files now loaded: 0)
System memory in use before: 115.7 MB.
System memory in use after: 113.5 MB.

Unloading 36 unused Assets to reduce memory usage. Loaded Objects now: 2990.
Total: 3.300000 ms (FindLiveObjects: 0.225500 ms CreateObjectMapping: 0.097700 ms MarkObjects: 1.900500 ms  DeleteObjects: 1.075500 ms)

AssetImportParameters requested are different than current active one (requested -> active):
  custom:graphics/normal-map-encoding: 01000000000000000000000000000000 -> 02000000000000000000000000000000
========================================================================
Received Prepare
Registering precompiled user dll's ...
Registered in 0.001122 seconds.
Begin MonoManager ReloadAssembly
Native extension for WindowsStandalone target not found
Refreshing native plugins compatible for Editor in 0.56 ms, found 0 plugins.
Preloading 0 native plugins for Editor in 0.00 ms.
Mono: successfully reloaded assembly
- Completed reload, in  1.118 seconds
Platform modules already initialized, skipping
Switching build target platform(19) subTarget(0) extendedPlatform(0) -> platform(13) subTarget(537395200) extendedPlatform(0)
Shader 'Universal Render Pipeline/Particles/Lit': fallback shader 'Universal Render Pipeline/Particles/SimpleLit' not found
Shader 'Universal Render Pipeline/Particles/Lit': fallback shader 'Universal Render Pipeline/Particles/SimpleLit' not found
Refreshing native plugins compatible for Editor in 0.58 ms, found 0 plugins.
Preloading 0 native plugins for Editor in 0.00 ms.
Unloading 2474 Unused Serialized files (Serialized files now loaded: 0)
System memory in use before: 115.7 MB.
System memory in use after: 113.5 MB.

Unloading 36 unused Assets to reduce memory usage. Loaded Objects now: 2993.
Total: 6.251400 ms (FindLiveObjects: 0.368800 ms CreateObjectMapping: 0.215200 ms MarkObjects: 3.670400 ms  DeleteObjects: 1.994800 ms)

AssetImportParameters requested are different than current active one (requested -> active):
  custom:graphics/normal-map-encoding: 01000000000000000000000000000000 -> 02000000000000000000000000000000
========================================================================
Received Prepare
Registering precompiled user dll's ...
Registered in 0.000913 seconds.
Begin MonoManager ReloadAssembly
Native extension for WindowsStandalone target not found
Refreshing native plugins compatible for Editor in 0.43 ms, found 0 plugins.
Preloading 0 native plugins for Editor in 0.00 ms.
Mono: successfully reloaded assembly
- Completed reload, in  0.792 seconds
Platform modules already initialized, skipping
Switching build target platform(19) subTarget(0) extendedPlatform(0) -> platform(13) subTarget(537395200) extendedPlatform(0)
Shader 'Universal Render Pipeline/Particles/Lit': fallback shader 'Universal Render Pipeline/Particles/SimpleLit' not found
Shader 'Universal Render Pipeline/Particles/Lit': fallback shader 'Universal Render Pipeline/Particles/SimpleLit' not found
Refreshing native plugins compatible for Editor in 0.44 ms, found 0 plugins.
Preloading 0 native plugins for Editor in 0.00 ms.
Unloading 2474 Unused Serialized files (Serialized files now loaded: 0)
System memory in use before: 115.6 MB.
System memory in use after: 113.4 MB.

Unloading 36 unused Assets to reduce memory usage. Loaded Objects now: 2996.
Total: 3.406500 ms (FindLiveObjects: 0.215000 ms CreateObjectMapping: 0.075400 ms MarkObjects: 2.009300 ms  DeleteObjects: 1.106100 ms)

AssetImportParameters requested are different than current active one (requested -> active):
  custom:graphics/normal-map-encoding: 01000000000000000000000000000000 -> 02000000000000000000000000000000
========================================================================
Received Import Request.
  Time since last request: 353.140957 seconds.
  path: Assets/Scenes/PrototypeScene.unity
  artifactKey: Guid(d1c3109bdb54ad54c8a2b2838528e640) Importer(815301076,1909f56bfc062723c751e8b465ee728b)
Start importing Assets/Scenes/PrototypeScene.unity using Guid(d1c3109bdb54ad54c8a2b2838528e640) Importer(815301076,1909f56bfc062723c751e8b465ee728b)  -> (artifact id: '4ffbb1ad8d0a796d8bea904c0d4ef708') in 0.048298 seconds
  Import took 0.054737 seconds .

========================================================================
Received Import Request.
  Time since last request: 954.402019 seconds.
  path: Assets/Board Dungeon/Characters/Enemies/Enemies Characters/Mutant/Animations/MawAnimatorController.controller
  artifactKey: Guid(dfcee5276486c624885a567e74188e1f) Importer(815301076,1909f56bfc062723c751e8b465ee728b)
Start importing Assets/Board Dungeon/Characters/Enemies/Enemies Characters/Mutant/Animations/MawAnimatorController.controller using Guid(dfcee5276486c624885a567e74188e1f) Importer(815301076,1909f56bfc062723c751e8b465ee728b)  -> (artifact id: '3a3b5a33ce1221c4ea69140df0967a39') in 0.028813 seconds
  Import took 0.034688 seconds .

========================================================================
Received Import Request.
  Time since last request: 16.411555 seconds.
  path: Assets/Board Dungeon/Characters/Players/Warrior/Animations/warriorAnimatorController.controller
  artifactKey: Guid(d28f511194988ba41b8f729657790d4b) Importer(815301076,1909f56bfc062723c751e8b465ee728b)
Start importing Assets/Board Dungeon/Characters/Players/Warrior/Animations/warriorAnimatorController.controller using Guid(d28f511194988ba41b8f729657790d4b) Importer(815301076,1909f56bfc062723c751e8b465ee728b)  -> (artifact id: '6b9387ca530cf39a4d1fde60cadf77c6') in 0.014560 seconds
  Import took 0.019576 seconds .

========================================================================
Received Prepare
Registering precompiled user dll's ...
Registered in 0.001186 seconds.
Begin MonoManager ReloadAssembly
Native extension for WindowsStandalone target not found
Refreshing native plugins compatible for Editor in 0.49 ms, found 0 plugins.
Preloading 0 native plugins for Editor in 0.00 ms.
Mono: successfully reloaded assembly
- Completed reload, in  0.827 seconds
Platform modules already initialized, skipping
Switching build target platform(19) subTarget(0) extendedPlatform(0) -> platform(13) subTarget(537395200) extendedPlatform(0)
Shader 'Universal Render Pipeline/Particles/Lit': fallback shader 'Universal Render Pipeline/Particles/SimpleLit' not found
Shader 'Universal Render Pipeline/Particles/Lit': fallback shader 'Universal Render Pipeline/Particles/SimpleLit' not found
Refreshing native plugins compatible for Editor in 0.43 ms, found 0 plugins.
Preloading 0 native plugins for Editor in 0.00 ms.
Unloading 2474 Unused Serialized files (Serialized files now loaded: 0)
System memory in use before: 115.8 MB.
System memory in use after: 113.7 MB.

Unloading 36 unused Assets to reduce memory usage. Loaded Objects now: 2999.
Total: 3.139700 ms (FindLiveObjects: 0.217700 ms CreateObjectMapping: 0.080800 ms MarkObjects: 1.749900 ms  DeleteObjects: 1.090700 ms)

AssetImportParameters requested are different than current active one (requested -> active):
  custom:graphics/normal-map-encoding: 01000000000000000000000000000000 -> 02000000000000000000000000000000
========================================================================
Received Import Request.
  Time since last request: 74.561215 seconds.
  path: Assets/Board Dungeon/Characters/Players/Warrior/Animations/Combo Attacks/Long DistanceAttack/castle_guard_01@Sword And Shield Attack swider.fbx
  artifactKey: Guid(54d94a9aa5b5fcc469739ee04134503a) Importer(815301076,1909f56bfc062723c751e8b465ee728b)
Start importing Assets/Board Dungeon/Characters/Players/Warrior/Animations/Combo Attacks/Long DistanceAttack/castle_guard_01@Sword And Shield Attack swider.fbx using Guid(54d94a9aa5b5fcc469739ee04134503a) Importer(815301076,1909f56bfc062723c751e8b465ee728b)  -> (artifact id: '677ba0856fc8e8735f61dedf71183a68') in 0.034193 seconds
  Import took 0.039842 seconds .

========================================================================
Received Import Request.
  Time since last request: 0.001459 seconds.
  path: Assets/Board Dungeon/Characters/Players/Warrior/Animations/Combo Attacks/Long DistanceAttack/castle_guard_01@Sword And Shield Attack swider.fbx
  artifactKey: Guid(54d94a9aa5b5fcc469739ee04134503a) Importer(815301076,1909f56bfc062723c751e8b465ee728b)
Start importing Assets/Board Dungeon/Characters/Players/Warrior/Animations/Combo Attacks/Long DistanceAttack/castle_guard_01@Sword And Shield Attack swider.fbx using Guid(54d94a9aa5b5fcc469739ee04134503a) Importer(815301076,1909f56bfc062723c751e8b465ee728b)  -> (artifact id: '677ba0856fc8e8735f61dedf71183a68') in 0.004737 seconds
  Import took 0.008615 seconds .

========================================================================
Received Import Request.
  Time since last request: 28.141986 seconds.
  path: Assets/Board Dungeon/Characters/Players/Warrior/Animations/Combo Attacks/Long DistanceAttack/castle_guard_01@Sword And Shield Attack swiderdolny.fbx
  artifactKey: Guid(086b9f7b26f14cf448bcf36ce1643915) Importer(815301076,1909f56bfc062723c751e8b465ee728b)
Start importing Assets/Board Dungeon/Characters/Players/Warrior/Animations/Combo Attacks/Long DistanceAttack/castle_guard_01@Sword And Shield Attack swiderdolny.fbx using Guid(086b9f7b26f14cf448bcf36ce1643915) Importer(815301076,1909f56bfc062723c751e8b465ee728b)  -> (artifact id: 'f277c319b516236e0b38e33df55db9ca') in 0.004812 seconds
  Import took 0.009534 seconds .

========================================================================
Received Import Request.
  Time since last request: 0.005108 seconds.
  path: Assets/Board Dungeon/Characters/Players/Warrior/Animations/Combo Attacks/Long DistanceAttack/castle_guard_01@Sword And Shield Attack swiderdolny.fbx
  artifactKey: Guid(086b9f7b26f14cf448bcf36ce1643915) Importer(815301076,1909f56bfc062723c751e8b465ee728b)
Start importing Assets/Board Dungeon/Characters/Players/Warrior/Animations/Combo Attacks/Long DistanceAttack/castle_guard_01@Sword And Shield Attack swiderdolny.fbx using Guid(086b9f7b26f14cf448bcf36ce1643915) Importer(815301076,1909f56bfc062723c751e8b465ee728b)  -> (artifact id: 'f277c319b516236e0b38e33df55db9ca') in 0.004889 seconds
  Import took 0.009191 seconds .

========================================================================
Received Import Request.
  Time since last request: 29.196410 seconds.
  path: Assets/Board Dungeon/Characters/Players/Warrior/Animations/Combo Attacks/Long DistanceAttack/castle_guard_01@Great Sword High Spin Attack.fbx
  artifactKey: Guid(412ee022d256708438dc7c4d25a9380d) Importer(815301076,1909f56bfc062723c751e8b465ee728b)
Start importing Assets/Board Dungeon/Characters/Players/Warrior/Animations/Combo Attacks/Long DistanceAttack/castle_guard_01@Great Sword High Spin Attack.fbx using Guid(412ee022d256708438dc7c4d25a9380d) Importer(815301076,1909f56bfc062723c751e8b465ee728b)  -> (artifact id: '2c9dc26ac1438570719f05f688a83e69') in 0.004831 seconds
  Import took 0.009577 seconds .

========================================================================
Received Import Request.
  Time since last request: 0.001187 seconds.
  path: Assets/Board Dungeon/Characters/Players/Warrior/Animations/Combo Attacks/Long DistanceAttack/castle_guard_01@Great Sword High Spin Attack.fbx
  artifactKey: Guid(412ee022d256708438dc7c4d25a9380d) Importer(815301076,1909f56bfc062723c751e8b465ee728b)
Start importing Assets/Board Dungeon/Characters/Players/Warrior/Animations/Combo Attacks/Long DistanceAttack/castle_guard_01@Great Sword High Spin Attack.fbx using Guid(412ee022d256708438dc7c4d25a9380d) Importer(815301076,1909f56bfc062723c751e8b465ee728b)  -> (artifact id: '2c9dc26ac1438570719f05f688a83e69') in 0.004024 seconds
  Import took 0.008467 seconds .

========================================================================
Received Import Request.
  Time since last request: 53.830799 seconds.
  path: Assets/Board Dungeon/Characters/Players/Warrior/Animations/Combo Attacks/Long DistanceAttack/castle_guard_01@Great Sword Jump Attack.fbx
  artifactKey: Guid(67d825e9179abcf498e08b22567c83df) Importer(815301076,1909f56bfc062723c751e8b465ee728b)
Start importing Assets/Board Dungeon/Characters/Players/Warrior/Animations/Combo Attacks/Long DistanceAttack/castle_guard_01@Great Sword Jump Attack.fbx using Guid(67d825e9179abcf498e08b22567c83df) Importer(815301076,1909f56bfc062723c751e8b465ee728b)  -> (artifact id: 'd1561adad28791bdd2f030b3e5f5b5e2') in 0.004420 seconds
  Import took 0.008679 seconds .

========================================================================
Received Import Request.
  Time since last request: 0.002140 seconds.
  path: Assets/Board Dungeon/Characters/Players/Warrior/Animations/Combo Attacks/Long DistanceAttack/castle_guard_01@Great Sword Jump Attack.fbx
  artifactKey: Guid(67d825e9179abcf498e08b22567c83df) Importer(815301076,1909f56bfc062723c751e8b465ee728b)
Start importing Assets/Board Dungeon/Characters/Players/Warrior/Animations/Combo Attacks/Long DistanceAttack/castle_guard_01@Great Sword Jump Attack.fbx using Guid(67d825e9179abcf498e08b22567c83df) Importer(815301076,1909f56bfc062723c751e8b465ee728b)  -> (artifact id: 'd1561adad28791bdd2f030b3e5f5b5e2') in 0.003592 seconds
  Import took 0.007410 seconds .

========================================================================
Received Import Request.
  Time since last request: 21.846195 seconds.
  path: Assets/Board Dungeon/Characters/Players/Warrior/Animations/Combo Attacks/Long DistanceAttack/castle_guard_01@Sword And Shield Slash.fbx
  artifactKey: Guid(c8fb4e843a5a03b4aa453608439bee88) Importer(815301076,1909f56bfc062723c751e8b465ee728b)
Start importing Assets/Board Dungeon/Characters/Players/Warrior/Animations/Combo Attacks/Long DistanceAttack/castle_guard_01@Sword And Shield Slash.fbx using Guid(c8fb4e843a5a03b4aa453608439bee88) Importer(815301076,1909f56bfc062723c751e8b465ee728b)  -> (artifact id: '0991b8fe87fd5ae474f2b6a0995b203b') in 0.004760 seconds
  Import took 0.008843 seconds .

========================================================================
Received Import Request.
  Time since last request: 0.002071 seconds.
  path: Assets/Board Dungeon/Characters/Players/Warrior/Animations/Combo Attacks/Long DistanceAttack/castle_guard_01@Sword And Shield Slash.fbx
  artifactKey: Guid(c8fb4e843a5a03b4aa453608439bee88) Importer(815301076,1909f56bfc062723c751e8b465ee728b)
Start importing Assets/Board Dungeon/Characters/Players/Warrior/Animations/Combo Attacks/Long DistanceAttack/castle_guard_01@Sword And Shield Slash.fbx using Guid(c8fb4e843a5a03b4aa453608439bee88) Importer(815301076,1909f56bfc062723c751e8b465ee728b)  -> (artifact id: '0991b8fe87fd5ae474f2b6a0995b203b') in 0.004616 seconds
  Import took 0.009046 seconds .

========================================================================
Received Prepare
Registering precompiled user dll's ...
Registered in 0.000954 seconds.
Begin MonoManager ReloadAssembly
Native extension for WindowsStandalone target not found
Refreshing native plugins compatible for Editor in 0.45 ms, found 0 plugins.
Preloading 0 native plugins for Editor in 0.00 ms.
Mono: successfully reloaded assembly
- Completed reload, in  1.228 seconds
Platform modules already initialized, skipping
Switching build target platform(19) subTarget(0) extendedPlatform(0) -> platform(13) subTarget(537395200) extendedPlatform(0)
Shader 'Universal Render Pipeline/Particles/Lit': fallback shader 'Universal Render Pipeline/Particles/SimpleLit' not found
Shader 'Universal Render Pipeline/Particles/Lit': fallback shader 'Universal Render Pipeline/Particles/SimpleLit' not found
Refreshing native plugins compatible for Editor in 0.44 ms, found 0 plugins.
Preloading 0 native plugins for Editor in 0.00 ms.
Unloading 2474 Unused Serialized files (Serialized files now loaded: 0)
System memory in use before: 115.9 MB.
System memory in use after: 113.7 MB.

Unloading 36 unused Assets to reduce memory usage. Loaded Objects now: 3002.
Total: 3.190700 ms (FindLiveObjects: 0.195000 ms CreateObjectMapping: 0.077400 ms MarkObjects: 1.777900 ms  DeleteObjects: 1.139400 ms)

AssetImportParameters requested are different than current active one (requested -> active):
  custom:graphics/normal-map-encoding: 01000000000000000000000000000000 -> 02000000000000000000000000000000
========================================================================
Received Prepare
Registering precompiled user dll's ...
Registered in 0.000808 seconds.
Begin MonoManager ReloadAssembly
Native extension for WindowsStandalone target not found
Refreshing native plugins compatible for Editor in 0.42 ms, found 0 plugins.
Preloading 0 native plugins for Editor in 0.00 ms.
Mono: successfully reloaded assembly
- Completed reload, in  0.796 seconds
Platform modules already initialized, skipping
Switching build target platform(19) subTarget(0) extendedPlatform(0) -> platform(13) subTarget(537395200) extendedPlatform(0)
Shader 'Universal Render Pipeline/Particles/Lit': fallback shader 'Universal Render Pipeline/Particles/SimpleLit' not found
Shader 'Universal Render Pipeline/Particles/Lit': fallback shader 'Universal Render Pipeline/Particles/SimpleLit' not found
Refreshing native plugins compatible for Editor in 0.45 ms, found 0 plugins.
Preloading 0 native plugins for Editor in 0.00 ms.
Unloading 2475 Unused Serialized files (Serialized files now loaded: 0)
System memory in use before: 115.9 MB.
System memory in use after: 113.7 MB.

Unloading 36 unused Assets to reduce memory usage. Loaded Objects now: 3006.
Total: 3.144600 ms (FindLiveObjects: 0.211200 ms CreateObjectMapping: 0.082600 ms MarkObjects: 1.773500 ms  DeleteObjects: 1.076500 ms)

AssetImportParameters requested are different than current active one (requested -> active):
  custom:graphics/normal-map-encoding: 01000000000000000000000000000000 -> 02000000000000000000000000000000
========================================================================
Received Prepare
Registering precompiled user dll's ...
Registered in 0.001599 seconds.
Begin MonoManager ReloadAssembly
Native extension for WindowsStandalone target not found
Refreshing native plugins compatible for Editor in 0.71 ms, found 0 plugins.
Preloading 0 native plugins for Editor in 0.00 ms.
Mono: successfully reloaded assembly
- Completed reload, in  1.243 seconds
Platform modules already initialized, skipping
Switching build target platform(19) subTarget(0) extendedPlatform(0) -> platform(13) subTarget(537395200) extendedPlatform(0)
Shader 'Universal Render Pipeline/Particles/Lit': fallback shader 'Universal Render Pipeline/Particles/SimpleLit' not found
Shader 'Universal Render Pipeline/Particles/Lit': fallback shader 'Universal Render Pipeline/Particles/SimpleLit' not found
Refreshing native plugins compatible for Editor in 0.64 ms, found 0 plugins.
Preloading 0 native plugins for Editor in 0.00 ms.
Unloading 2474 Unused Serialized files (Serialized files now loaded: 0)
System memory in use before: 115.9 MB.
System memory in use after: 113.7 MB.

Unloading 36 unused Assets to reduce memory usage. Loaded Objects now: 3009.
Total: 4.205400 ms (FindLiveObjects: 0.293500 ms CreateObjectMapping: 0.182800 ms MarkObjects: 2.141500 ms  DeleteObjects: 1.586000 ms)

AssetImportParameters requested are different than current active one (requested -> active):
  custom:graphics/normal-map-encoding: 01000000000000000000000000000000 -> 02000000000000000000000000000000
========================================================================
Received Prepare
Registering precompiled user dll's ...
Registered in 0.000975 seconds.
Begin MonoManager ReloadAssembly
Native extension for WindowsStandalone target not found
Refreshing native plugins compatible for Editor in 0.50 ms, found 0 plugins.
Preloading 0 native plugins for Editor in 0.00 ms.
Mono: successfully reloaded assembly
- Completed reload, in  0.799 seconds
Platform modules already initialized, skipping
Switching build target platform(19) subTarget(0) extendedPlatform(0) -> platform(13) subTarget(537395200) extendedPlatform(0)
Shader 'Universal Render Pipeline/Particles/Lit': fallback shader 'Universal Render Pipeline/Particles/SimpleLit' not found
Shader 'Universal Render Pipeline/Particles/Lit': fallback shader 'Universal Render Pipeline/Particles/SimpleLit' not found
Refreshing native plugins compatible for Editor in 0.44 ms, found 0 plugins.
Preloading 0 native plugins for Editor in 0.00 ms.
Unloading 2474 Unused Serialized files (Serialized files now loaded: 0)
System memory in use before: 115.8 MB.
System memory in use after: 113.6 MB.

Unloading 36 unused Assets to reduce memory usage. Loaded Objects now: 3012.
Total: 3.219300 ms (FindLiveObjects: 0.220600 ms CreateObjectMapping: 0.081000 ms MarkObjects: 1.831400 ms  DeleteObjects: 1.085700 ms)

AssetImportParameters requested are different than current active one (requested -> active):
  custom:graphics/normal-map-encoding: 01000000000000000000000000000000 -> 02000000000000000000000000000000
========================================================================
Received Prepare
Shader 'Universal Render Pipeline/Particles/Lit': fallback shader 'Universal Render Pipeline/Particles/SimpleLit' not found
Shader 'Universal Render Pipeline/Particles/Lit': fallback shader 'Universal Render Pipeline/Particles/SimpleLit' not found
Refreshing native plugins compatible for Editor in 0.91 ms, found 0 plugins.
Preloading 0 native plugins for Editor in 0.00 ms.
Unloading 34 Unused Serialized files (Serialized files now loaded: 0)
System memory in use before: 69.6 MB.
System memory in use after: 67.4 MB.

Unloading 34 unused Assets to reduce memory usage. Loaded Objects now: 3012.
Total: 3.546200 ms (FindLiveObjects: 0.268200 ms CreateObjectMapping: 0.123800 ms MarkObjects: 1.836600 ms  DeleteObjects: 1.316800 ms)

========================================================================
Received Prepare
Registering precompiled user dll's ...
Registered in 0.000938 seconds.
Begin MonoManager ReloadAssembly
Native extension for WindowsStandalone target not found
Refreshing native plugins compatible for Editor in 0.48 ms, found 0 plugins.
Preloading 0 native plugins for Editor in 0.00 ms.
Mono: successfully reloaded assembly
- Completed reload, in  0.832 seconds
Platform modules already initialized, skipping
Switching build target platform(19) subTarget(0) extendedPlatform(0) -> platform(13) subTarget(537395200) extendedPlatform(0)
Shader 'Universal Render Pipeline/Particles/Lit': fallback shader 'Universal Render Pipeline/Particles/SimpleLit' not found
Shader 'Universal Render Pipeline/Particles/Lit': fallback shader 'Universal Render Pipeline/Particles/SimpleLit' not found
Refreshing native plugins compatible for Editor in 0.45 ms, found 0 plugins.
Preloading 0 native plugins for Editor in 0.00 ms.
Unloading 2474 Unused Serialized files (Serialized files now loaded: 0)
System memory in use before: 115.9 MB.
System memory in use after: 113.7 MB.

Unloading 36 unused Assets to reduce memory usage. Loaded Objects now: 3015.
Total: 3.024200 ms (FindLiveObjects: 0.221300 ms CreateObjectMapping: 0.079900 ms MarkObjects: 1.638300 ms  DeleteObjects: 1.083900 ms)

AssetImportParameters requested are different than current active one (requested -> active):
  custom:graphics/normal-map-encoding: 01000000000000000000000000000000 -> 02000000000000000000000000000000
========================================================================
Received Prepare
Registering precompiled user dll's ...
Registered in 0.000882 seconds.
Begin MonoManager ReloadAssembly
Native extension for WindowsStandalone target not found
Refreshing native plugins compatible for Editor in 0.42 ms, found 0 plugins.
Preloading 0 native plugins for Editor in 0.00 ms.
Mono: successfully reloaded assembly
- Completed reload, in  0.876 seconds
Platform modules already initialized, skipping
Switching build target platform(19) subTarget(0) extendedPlatform(0) -> platform(13) subTarget(537395200) extendedPlatform(0)
Shader 'Universal Render Pipeline/Particles/Lit': fallback shader 'Universal Render Pipeline/Particles/SimpleLit' not found
Shader 'Universal Render Pipeline/Particles/Lit': fallback shader 'Universal Render Pipeline/Particles/SimpleLit' not found
Refreshing native plugins compatible for Editor in 0.45 ms, found 0 plugins.
Preloading 0 native plugins for Editor in 0.00 ms.
Unloading 2474 Unused Serialized files (Serialized files now loaded: 0)
System memory in use before: 116.0 MB.
System memory in use after: 113.7 MB.

Unloading 36 unused Assets to reduce memory usage. Loaded Objects now: 3018.
Total: 3.203400 ms (FindLiveObjects: 0.191800 ms CreateObjectMapping: 0.077800 ms MarkObjects: 1.767200 ms  DeleteObjects: 1.165800 ms)

AssetImportParameters requested are different than current active one (requested -> active):
  custom:graphics/normal-map-encoding: 01000000000000000000000000000000 -> 02000000000000000000000000000000
AssetImportWorkerClient::OnTransportError - code=2 error=End of file
